0 info it worked if it ends with ok
1 verbose cli [ '/usr/local/bin/node', '/usr/local/bin/npm', 'link' ]
2 info using npm@3.10.10
3 info using node@v6.10.0
4 verbose linkPkg /Users/twowhitee/Desktop/Egret/Examples/engine-cli-master
5 silly gentlyRm /usr/local/lib/node_modules/nodejs-console is being purged
6 verbose gentlyRm don't care about contents; nuking /usr/local/lib/node_modules/nodejs-console
7 verbose stack Error: EACCES: permission denied, symlink '/Users/twowhitee/Desktop/Egret/Examples/engine-cli-master' -> '/usr/local/lib/node_modules/nodejs-console'
7 verbose stack     at Error (native)
8 verbose cwd /Users/twowhitee/Desktop/Egret/Examples/engine-cli-master
9 error Darwin 16.1.0
10 error argv "/usr/local/bin/node" "/usr/local/bin/npm" "link"
11 error node v6.10.0
12 error npm  v3.10.10
13 error path /Users/twowhitee/Desktop/Egret/Examples/engine-cli-master
14 error code EACCES
15 error errno -13
16 error syscall symlink
17 error Error: EACCES: permission denied, symlink '/Users/twowhitee/Desktop/Egret/Examples/engine-cli-master' -> '/usr/local/lib/node_modules/nodejs-console'
17 error     at Error (native)
17 error  { Error: EACCES: permission denied, symlink '/Users/twowhitee/Desktop/Egret/Examples/engine-cli-master' -> '/usr/local/lib/node_modules/nodejs-console'
17 error     at Error (native)
17 error   errno: -13,
17 error   code: 'EACCES',
17 error   syscall: 'symlink',
17 error   path: '/Users/twowhitee/Desktop/Egret/Examples/engine-cli-master',
17 error   dest: '/usr/local/lib/node_modules/nodejs-console' }
18 error Please try running this command again as root/Administrator.
19 verbose exit [ -13, true ]
